2021-06-21 17:26:40 - 773 [main] INFO  DataSetModelMaker 	 Creating Jena model for KARMELIET data set
2021-06-21 17:26:41 - 1543 [main] INFO  DataSetModelMaker 	 Creating Data Set https://duvel.dev.insee.io/housing/dataset
2021-06-21 17:26:41 - 1546 [main] INFO  DataSetModelMaker 	 Headers : [id;name;latitude;longitude;price;number_of_reviews;city]
2021-06-21 17:33:29 - 784 [main] INFO  DataSetModelMaker 	 Creating Jena model for KARMELIET data set
2021-06-21 17:33:30 - 1559 [main] INFO  DataSetModelMaker 	 Creating Data Set https://duvel.dev.insee.io/housing/dataset
2021-06-21 17:33:30 - 1563 [main] INFO  DataSetModelMaker 	 Headers : [id, name, latitude, longitude, price, number_of_reviews, city]
2021-06-21 17:35:33 - 798 [main] INFO  DataSetModelMaker 	 Creating Jena model for KARMELIET data set
2021-06-21 17:35:34 - 1553 [main] INFO  DataSetModelMaker 	 Creating Data Set https://duvel.dev.insee.io/housing/dataset
2021-06-21 17:35:34 - 1557 [main] INFO  DataSetModelMaker 	 Headers : [id, name, latitude, longitude, price, number_of_reviews, city]
2021-06-21 17:35:34 - 1557 [main] INFO  DataSetModelMaker 	 Data : [A0001, Chez wam, 2.35637778086357, 48.8652929436681, 78, 23, 75056]
2021-06-21 17:35:34 - 1557 [main] INFO  DataSetModelMaker 	 Data : [A0002, Mon voisin, 2.35707778086357, 48.8660929436681, 85, 10, 75056]
2021-06-21 17:35:34 - 1558 [main] INFO  DataSetModelMaker 	 Data : []
2021-06-21 17:36:01 - 780 [main] INFO  DataSetModelMaker 	 Creating Jena model for KARMELIET data set
2021-06-21 17:36:02 - 1551 [main] INFO  DataSetModelMaker 	 Creating Data Set https://duvel.dev.insee.io/housing/dataset
2021-06-21 17:36:02 - 1554 [main] INFO  DataSetModelMaker 	 Headers : [id, name, latitude, longitude, price, number_of_reviews, city]
2021-06-21 17:36:02 - 1555 [main] INFO  DataSetModelMaker 	 Data : [A0001, Chez wam, 2.35637778086357, 48.8652929436681, 78, 23, 75056]
2021-06-21 17:36:02 - 1555 [main] INFO  DataSetModelMaker 	 Data : [A0002, Mon voisin, 2.35707778086357, 48.8660929436681, 85, 10, 75056]
2021-06-21 17:36:02 - 1556 [main] INFO  DataSetModelMaker 	 Data : []
2021-06-21 17:36:54 - 793 [main] INFO  DataSetModelMaker 	 Creating Jena model for KARMELIET data set
2021-06-21 17:36:55 - 1574 [main] INFO  DataSetModelMaker 	 Creating Data Set https://duvel.dev.insee.io/housing/dataset
2021-06-21 17:36:55 - 1578 [main] INFO  DataSetModelMaker 	 Headers : [id, name, latitude, longitude, price, number_of_reviews, city]
2021-06-21 17:36:55 - 1578 [main] INFO  DataSetModelMaker 	 Data : [A0001, Chez wam, 2.35637778086357, 48.8652929436681, 78, 23, 75056]
2021-06-21 17:36:55 - 1578 [main] INFO  DataSetModelMaker 	 Data : [A0002, Mon voisin, 2.35707778086357, 48.8660929436681, 85, 10, 75056]
2021-06-21 17:36:55 - 1579 [main] INFO  DataSetModelMaker 	 Data : []
2021-06-21 17:38:16 - 784 [main] INFO  DataSetModelMaker 	 Creating Jena model for KARMELIET data set
2021-06-21 17:38:17 - 1536 [main] INFO  DataSetModelMaker 	 Creating Data Set https://duvel.dev.insee.io/housing/dataset
2021-06-21 17:38:17 - 1539 [main] INFO  DataSetModelMaker 	 Headers : [id, name, latitude, longitude, price, number_of_reviews, city]
2021-06-21 17:38:17 - 1539 [main] INFO  DataSetModelMaker 	 Data : [A0001, Chez wam, 2.35637778086357, 48.8652929436681, 78, 23, 75056]
2021-06-21 17:38:17 - 1540 [main] INFO  DataSetModelMaker 	 Data : [A0002, Mon voisin, 2.35707778086357, 48.8660929436681, 85, 10, 75056]
2021-06-21 17:38:17 - 1540 [main] INFO  DataSetModelMaker 	 Data : []
2021-06-21 17:38:17 - 1540 [main] INFO  DataSetModelMaker 	 Data : []
2021-06-21 17:38:17 - 1541 [main] INFO  DataSetModelMaker 	 Data : []
2021-06-21 17:38:17 - 1541 [main] INFO  DataSetModelMaker 	 Model complete, number of statements: 17
2021-06-21 17:38:44 - 801 [main] INFO  DataSetModelMaker 	 Creating Jena model for KARMELIET data set
2021-06-21 17:38:44 - 1562 [main] INFO  DataSetModelMaker 	 Creating Data Set https://duvel.dev.insee.io/housing/dataset
2021-06-21 17:38:44 - 1566 [main] INFO  DataSetModelMaker 	 Headers : [id, name, latitude, longitude, price, number_of_reviews, city]
2021-06-21 17:38:44 - 1566 [main] INFO  DataSetModelMaker 	 Data : [A0001, Chez wam, 2.35637778086357, 48.8652929436681, 78, 23, 75056]
2021-06-21 17:38:44 - 1566 [main] INFO  DataSetModelMaker 	 Data : [A0002, Mon voisin, 2.35707778086357, 48.8660929436681, 85, 10, 75056]
2021-06-21 17:38:44 - 1567 [main] INFO  DataSetModelMaker 	 Model complete, number of statements: 17
